TN:
SF:controllers\book-controller.js
FN:4,(anonymous_0)
FN:14,(anonymous_1)
FN:24,(anonymous_2)
FNF:3
FNH:3
FNDA:3,(anonymous_0)
FNDA:3,(anonymous_1)
FNDA:3,(anonymous_2)
DA:1,2
DA:5,3
DA:6,3
DA:7,3
DA:8,2
DA:10,1
DA:15,3
DA:16,3
DA:17,3
DA:18,2
DA:20,1
DA:25,3
DA:26,3
DA:27,2
DA:29,1
DA:35,2
LF:16
LH:16
BRF:0
BRH:0
end_of_record
TN:
SF:exceptions\api-error.js
FN:4,(anonymous_0)
FN:10,(anonymous_1)
FNF:2
FNH:2
FNDA:2,(anonymous_0)
FNDA:2,(anonymous_1)
DA:1,3
DA:5,2
DA:6,2
DA:7,2
DA:11,2
LF:5
LH:5
BRDA:4,0,0,2
BRF:1
BRH:1
end_of_record
TN:
SF:models\book-model.js
FNF:0
FNH:0
DA:1,3
DA:3,3
DA:11,3
LF:3
LH:3
BRF:0
BRH:0
end_of_record
TN:
SF:routes\index.js
FNF:0
FNH:0
DA:1,1
DA:3,1
DA:4,1
DA:7,1
DA:11,1
DA:13,1
DA:15,1
LF:7
LH:7
BRF:0
BRH:0
end_of_record
TN:
SF:services\book-service.js
FN:5,(anonymous_0)
FN:20,(anonymous_1)
FN:28,(anonymous_2)
FNF:3
FNH:3
FNDA:2,(anonymous_0)
FNDA:2,(anonymous_1)
FNDA:1,(anonymous_2)
DA:1,3
DA:2,3
DA:6,2
DA:10,2
DA:11,1
DA:14,1
DA:18,1
DA:21,2
DA:22,2
DA:23,1
DA:25,1
DA:29,1
DA:30,1
DA:33,3
LF:14
LH:14
BRDA:10,0,0,1
BRDA:10,0,1,1
BRDA:22,1,0,1
BRDA:22,1,1,1
BRF:4
BRH:4
end_of_record
